La génération a démarré 22/03/2017 16:00:02.
     1>Projet "C:\Users\Aymane\Documents\Etudes\C++\ProjetMatrice\ProjetMatrice\ProjetMatrice.vcxproj" sur le nœud 2 (Rebuild cible(s)).
     1>ClCompile:
         C:\Program Files (x86)\Microsoft Visual Studio 11.0\VC\bin\CL.exe /c /ZI /nologo /W3 /WX- /Od /Oy- /D WIN32 /D _DEBUG /D _CONSOLE /D _UNICODE /D UNICODE /Gm /EHsc /RTC1 /MDd /GS /fp:precise /Zc:wchar_t /Zc:forScope /Fo"Debug\\" /Fd"Debug\vc110.pdb" /Gd /TP /analyze- /errorReport:prompt Cexception.cpp FichierMatrice.cpp main.cpp Matrice.cpp TestUnitaire.cpp
         TestUnitaire.cpp
         Matrice.cpp
         main.cpp
         FichierMatrice.cpp
     1>c:\users\aymane\documents\etudes\c++\projetmatrice\projetmatrice\fichiermatrice.cpp(18): warning C4996: 'strcpy': This function or variable may be unsafe. Consider using strcpy_s instead. To disable deprecation, use _CRT_SECURE_NO_WARNINGS. See online help for details.
                 c:\program files (x86)\microsoft visual studio 11.0\vc\include\string.h(110) : voir la déclaration de 'strcpy'
         Cexception.cpp
     1>c:\users\aymane\documents\etudes\c++\projetmatrice\projetmatrice\cexception.cpp(16): warning C4996: 'strcpy': This function or variable may be unsafe. Consider using strcpy_s instead. To disable deprecation, use _CRT_SECURE_NO_WARNINGS. See online help for details.
                 c:\program files (x86)\microsoft visual studio 11.0\vc\include\string.h(110) : voir la déclaration de 'strcpy'
     1>c:\users\aymane\documents\etudes\c++\projetmatrice\projetmatrice\cexception.cpp(23): warning C4996: 'strcpy': This function or variable may be unsafe. Consider using strcpy_s instead. To disable deprecation, use _CRT_SECURE_NO_WARNINGS. See online help for details.
                 c:\program files (x86)\microsoft visual studio 11.0\vc\include\string.h(110) : voir la déclaration de 'strcpy'
         Génération de code en cours...
       Link:
         C:\Program Files (x86)\Microsoft Visual Studio 11.0\VC\bin\link.exe /ERRORREPORT:PROMPT /OUT:"C:\Users\Aymane\Documents\Etudes\C++\ProjetMatrice\Debug\ProjetMatrice.exe" /INCREMENTAL /NOLOGO kernel32.lib user32.lib gdi32.lib winspool.lib comdlg32.lib advapi32.lib shell32.lib ole32.lib oleaut32.lib uuid.lib odbc32.lib odbccp32.lib /MANIFEST /MANIFESTUAC:"level='asInvoker' uiAccess='false'" /manifest:embed /DEBUG /PDB:"C:\Users\Aymane\Documents\Etudes\C++\ProjetMatrice\Debug\ProjetMatrice.pdb" /SUBSYSTEM:CONSOLE /TLBID:1 /DYNAMICBASE /NXCOMPAT /IMPLIB:"C:\Users\Aymane\Documents\Etudes\C++\ProjetMatrice\Debug\ProjetMatrice.lib" /MACHINE:X86 Debug\Cexception.obj
         Debug\FichierMatrice.obj
         Debug\main.obj
         Debug\Matrice.obj
         Debug\TestUnitaire.obj
         ProjetMatrice.vcxproj -> C:\Users\Aymane\Documents\Etudes\C++\ProjetMatrice\Debug\ProjetMatrice.exe
     1>Génération du projet "C:\Users\Aymane\Documents\Etudes\C++\ProjetMatrice\ProjetMatrice\ProjetMatrice.vcxproj" terminée (Rebuild cible(s)).

La génération a réussi.

Temps écoulé 00:00:07.21
