C:\USERS\AYMANE\DOCUMENTS\ETUDES\C++\PROJETMATRICE\PROJETMATRICE\DEBUG\CEXCEPTION.OBJ
C:\USERS\AYMANE\DOCUMENTS\ETUDES\C++\PROJETMATRICE\PROJETMATRICE\DEBUG\FICHIERMATRICE.OBJ
C:\USERS\AYMANE\DOCUMENTS\ETUDES\C++\PROJETMATRICE\PROJETMATRICE\DEBUG\MAIN.OBJ
C:\USERS\AYMANE\DOCUMENTS\ETUDES\C++\PROJETMATRICE\PROJETMATRICE\DEBUG\MATRICE.OBJ
C:\USERS\AYMANE\DOCUMENTS\ETUDES\C++\PROJETMATRICE\PROJETMATRICE\DEBUG\TESTUNITAIRE.OBJ
C:\USERS\AYMANE\DOCUMENTS\ETUDES\C++\PROJETMATRICE\PROJETMATRICE\DEBUG\VC110.PDB
C:\USERS\AYMANE\DOCUMENTS\ETUDES\C++\PROJETMATRICE\DEBUG\PROJETMATRICE.ILK
C:\USERS\AYMANE\DOCUMENTS\ETUDES\C++\PROJETMATRICE\DEBUG\PROJETMATRICE.EXE
C:\USERS\AYMANE\DOCUMENTS\ETUDES\C++\PROJETMATRICE\DEBUG\PROJETMATRICE.PDB
C:\Users\Aymane\Documents\Etudes\C++\ProjetMatrice\ProjetMatrice\Debug\Cexception.obj
C:\Users\Aymane\Documents\Etudes\C++\ProjetMatrice\ProjetMatrice\Debug\FichierMatrice.obj
C:\Users\Aymane\Documents\Etudes\C++\ProjetMatrice\ProjetMatrice\Debug\main.obj
C:\Users\Aymane\Documents\Etudes\C++\ProjetMatrice\ProjetMatrice\Debug\Matrice.obj
C:\Users\Aymane\Documents\Etudes\C++\ProjetMatrice\ProjetMatrice\Debug\TestUnitaire.obj
C:\Users\Aymane\Documents\Etudes\C++\ProjetMatrice\ProjetMatrice\Debug\cl.command.1.tlog
C:\Users\Aymane\Documents\Etudes\C++\ProjetMatrice\ProjetMatrice\Debug\CL.read.1.tlog
C:\Users\Aymane\Documents\Etudes\C++\ProjetMatrice\ProjetMatrice\Debug\CL.write.1.tlog
C:\Users\Aymane\Documents\Etudes\C++\ProjetMatrice\ProjetMatrice\Debug\link-cvtres.read.1.tlog
C:\Users\Aymane\Documents\Etudes\C++\ProjetMatrice\ProjetMatrice\Debug\link-cvtres.write.1.tlog
C:\Users\Aymane\Documents\Etudes\C++\ProjetMatrice\ProjetMatrice\Debug\link-rc.read.1.tlog
C:\Users\Aymane\Documents\Etudes\C++\ProjetMatrice\ProjetMatrice\Debug\link-rc.write.1.tlog
C:\Users\Aymane\Documents\Etudes\C++\ProjetMatrice\ProjetMatrice\Debug\link.2000-cvtres.read.1.tlog
C:\Users\Aymane\Documents\Etudes\C++\ProjetMatrice\ProjetMatrice\Debug\link.2000-cvtres.write.1.tlog
C:\Users\Aymane\Documents\Etudes\C++\ProjetMatrice\ProjetMatrice\Debug\link.2000-rc.read.1.tlog
C:\Users\Aymane\Documents\Etudes\C++\ProjetMatrice\ProjetMatrice\Debug\link.2000-rc.write.1.tlog
C:\Users\Aymane\Documents\Etudes\C++\ProjetMatrice\ProjetMatrice\Debug\link.2000.read.1.tlog
C:\Users\Aymane\Documents\Etudes\C++\ProjetMatrice\ProjetMatrice\Debug\link.2000.write.1.tlog
C:\Users\Aymane\Documents\Etudes\C++\ProjetMatrice\ProjetMatrice\Debug\link.5784-cvtres.read.1.tlog
C:\Users\Aymane\Documents\Etudes\C++\ProjetMatrice\ProjetMatrice\Debug\link.5784-cvtres.write.1.tlog
C:\Users\Aymane\Documents\Etudes\C++\ProjetMatrice\ProjetMatrice\Debug\link.5784-rc.read.1.tlog
C:\Users\Aymane\Documents\Etudes\C++\ProjetMatrice\ProjetMatrice\Debug\link.5784-rc.write.1.tlog
C:\Users\Aymane\Documents\Etudes\C++\ProjetMatrice\ProjetMatrice\Debug\link.5784.read.1.tlog
C:\Users\Aymane\Documents\Etudes\C++\ProjetMatrice\ProjetMatrice\Debug\link.5784.write.1.tlog
C:\Users\Aymane\Documents\Etudes\C++\ProjetMatrice\ProjetMatrice\Debug\link.6124-cvtres.read.1.tlog
C:\Users\Aymane\Documents\Etudes\C++\ProjetMatrice\ProjetMatrice\Debug\link.6124-cvtres.write.1.tlog
C:\Users\Aymane\Documents\Etudes\C++\ProjetMatrice\ProjetMatrice\Debug\link.6124-rc.read.1.tlog
C:\Users\Aymane\Documents\Etudes\C++\ProjetMatrice\ProjetMatrice\Debug\link.6124-rc.write.1.tlog
C:\Users\Aymane\Documents\Etudes\C++\ProjetMatrice\ProjetMatrice\Debug\link.6124.read.1.tlog
C:\Users\Aymane\Documents\Etudes\C++\ProjetMatrice\ProjetMatrice\Debug\link.6124.write.1.tlog
C:\Users\Aymane\Documents\Etudes\C++\ProjetMatrice\ProjetMatrice\Debug\link.command.1.tlog
C:\Users\Aymane\Documents\Etudes\C++\ProjetMatrice\ProjetMatrice\Debug\link.read.1.tlog
C:\Users\Aymane\Documents\Etudes\C++\ProjetMatrice\ProjetMatrice\Debug\link.write.1.tlog
C:\Users\Aymane\Documents\Etudes\C++\ProjetMatrice\ProjetMatrice\Debug\vc110.idb
C:\Users\Aymane\Documents\Etudes\C++\ProjetMatrice\ProjetMatrice\Debug\vc110.pdb
C:\Users\Aymane\Documents\Etudes\C++\ProjetMatrice\Debug\ProjetMatrice.pdb
C:\Users\Aymane\Documents\Etudes\C++\ProjetMatrice\Debug\ProjetMatrice.exe
C:\Users\Aymane\Documents\Etudes\C++\ProjetMatrice\Debug\ProjetMatrice.ilk
